1522058313611	geckodriver	INFO	geckodriver 0.20.0 (0ac3698a74a7b1a742682b8e704f1f418df827ed 2018-03-13)
1522058313646	geckodriver	INFO	Listening on 127.0.0.1:52616
1522058356486	geckodriver	INFO	geckodriver 0.20.0 (0ac3698a74a7b1a742682b8e704f1f418df827ed 2018-03-13)
1522058356522	geckodriver	INFO	Listening on 127.0.0.1:52766
1522059267190	geckodriver	INFO	geckodriver 0.20.0
1522059267244	geckodriver	INFO	Listening on 127.0.0.1:54827
1522059270342	mozrunner::runner	INFO	Running command: "C:\\Program Files\\Mozilla Firefox\\firefox.exe" "-marionette" "-profile" "C:\\Users\\DEEPAK~1.GAR\\AppData\\Local\\Temp\\rust_mozprofile.sl5LZoZbodM7"
1522059274252	Marionette	INFO	Enabled via --marionette
1522059279802	Marionette	INFO	Listening on port 54842
1522059279822	Marionette	WARN	TLS certificate errors will be ignored for this session
Unable to read VR Path Registry from C:\Users\deepak.garg2\AppData\Local\openvr\openvrpaths.vrpath
JavaScript warning: https://codebeautify.org/js/common_load.js, line 508: unreachable code after return statement
JavaScript warning: https://codebeautify.org/js/common_load.js, line 676: unreachable code after return statement
JavaScript warning: https://codebeautify.org/js/common_load.js, line 1690: unreachable code after return statement
[Child 11092, Chrome_ChildThread] WARNING: pipe error: 109: file z:/build/build/src/ipc/chromium/src/chrome/common/ipc_channel_win.cc, line 346
*** UTM:SVC TimerManager:registerTimer called after profile-before-change notification. Ignoring timer registration for id: telemetry_modules_ping

###!!! [Child][MessageChannel::SendAndWait] Error: Channel error: cannot send/recv

Unable to read VR Path Registry from C:\Users\deepak.garg2\AppData\Local\openvr\openvrpaths.vrpath
1522059292164	geckodriver::marionette	ERROR	Failed to stop browser process
1522068235125	geckodriver	INFO	geckodriver 0.20.0
1522068235187	geckodriver	INFO	Listening on 127.0.0.1:60443
1522068238383	mozrunner::runner	INFO	Running command: "C:\\Program Files\\Mozilla Firefox\\firefox.exe" "-marionette" "-profile" "C:\\Users\\DEEPAK~1.GAR\\AppData\\Local\\Temp\\rust_mozprofile.6in7fMyR8iAC"
1522068242478	Marionette	INFO	Enabled via --marionette
1522068250290	Marionette	INFO	Listening on port 60460
1522068250652	Marionette	WARN	TLS certificate errors will be ignored for this session
Unable to read VR Path Registry from C:\Users\deepak.garg2\AppData\Local\openvr\openvrpaths.vrpath
[Child 10992, Chrome_ChildThread] WARNING: pipe error: 109: file z:/build/build/src/ipc/chromium/src/chrome/common/ipc_channel_win.cc, line 346
[Child 10992, Chrome_ChildThread] WARNING: pipe error: 109: file z:/build/build/src/ipc/chromium/src/chrome/common/ipc_channel_win.cc, line 346
Unable to read VR Path Registry from C:\Users\deepak.garg2\AppData\Local\openvr\openvrpaths.vrpath
[Child 10900, Chrome_ChildThread] WARNING: pipe error: 109: file z:/build/build/src/ipc/chromium/src/chrome/common/ipc_channel_win.cc, line 346
[Child 10900, Chrome_ChildThread] WARNING: pipe error: 109: file z:/build/build/src/ipc/chromium/src/chrome/common/ipc_channel_win.cc, line 346
*** UTM:SVC TimerManager:registerTimer called after profile-before-change notification. Ignoring timer registration for id: telemetry_modules_ping
Unable to read VR Path Registry from C:\Users\deepak.garg2\AppData\Local\openvr\openvrpaths.vrpath
[GPU 7264, Chrome_ChildThread] WARNING: pipe error: 109: file z:/build/build/src/ipc/chromium/src/chrome/common/ipc_channel_win.cc, line 346

###!!! [Child][MessageChannel::SendAndWait] Error: Channel error: cannot send/recv

Unable to read VR Path Registry from C:\Users\deepak.garg2\AppData\Local\openvr\openvrpaths.vrpath
1522068260735	geckodriver::marionette	ERROR	Failed to stop browser process
1522068411017	geckodriver	INFO	geckodriver 0.20.0
1522068411053	geckodriver	INFO	Listening on 127.0.0.1:60953
1522068413852	mozrunner::runner	INFO	Running command: "C:\\Program Files\\Mozilla Firefox\\firefox.exe" "-marionette" "-profile" "C:\\Users\\DEEPAK~1.GAR\\AppData\\Local\\Temp\\rust_mozprofile.XFDpO9KD6tUU"
1522068416614	Marionette	INFO	Enabled via --marionette
1522068420726	Marionette	INFO	Listening on port 60969
1522068421288	Marionette	WARN	TLS certificate errors will be ignored for this session
Unable to read VR Path Registry from C:\Users\deepak.garg2\AppData\Local\openvr\openvrpaths.vrpath
[Parent 6672, Gecko_IOThread] WARNING: pipe error: 109: file z:/build/build/src/ipc/chromium/src/chrome/common/ipc_channel_win.cc, line 346
Unable to read VR Path Registry from C:\Users\deepak.garg2\AppData\Local\openvr\openvrpaths.vrpath
[Child 6728, Chrome_ChildThread] WARNING: pipe error: 109: file z:/build/build/src/ipc/chromium/src/chrome/common/ipc_channel_win.cc, line 346
[Child 6728, Chrome_ChildThread] WARNING: pipe error: 109: file z:/build/build/src/ipc/chromium/src/chrome/common/ipc_channel_win.cc, line 346
[Parent 6672, Gecko_IOThread] WARNING: pipe error: 109: file z:/build/build/src/ipc/chromium/src/chrome/common/ipc_channel_win.cc, line 346
Unable to read VR Path Registry from C:\Users\deepak.garg2\AppData\Local\openvr\openvrpaths.vrpath
[Child 7832, Chrome_ChildThread] WARNING: pipe error: 109: file z:/build/build/src/ipc/chromium/src/chrome/common/ipc_channel_win.cc, line 346
[Child 7832, Chrome_ChildThread] WARNING: pipe error: 109: file z:/build/build/src/ipc/chromium/src/chrome/common/ipc_channel_win.cc, line 346
Unable to read VR Path Registry from C:\Users\deepak.garg2\AppData\Local\openvr\openvrpaths.vrpath
[Child 3776, Chrome_ChildThread] WARNING: pipe error: 109: file z:/build/build/src/ipc/chromium/src/chrome/common/ipc_channel_win.cc, line 346
[Child 3776, Chrome_ChildThread] WARNING: pipe error: 109: file z:/build/build/src/ipc/chromium/src/chrome/common/ipc_channel_win.cc, line 346
*** UTM:SVC TimerManager:registerTimer called after profile-before-change notification. Ignoring timer registration for id: telemetry_modules_ping
Unable to read VR Path Registry from C:\Users\deepak.garg2\AppData\Local\openvr\openvrpaths.vrpath
[GPU 8540, Chrome_ChildThread] WARNING: pipe error: 109: file z:/build/build/src/ipc/chromium/src/chrome/common/ipc_channel_win.cc, line 346

###!!! [Child][MessageChannel::SendAndWait] Error: Channel error: cannot send/recv

1522068435652	geckodriver::marionette	ERROR	Failed to stop browser process
1522068482793	geckodriver	INFO	geckodriver 0.20.0
1522068482830	geckodriver	INFO	Listening on 127.0.0.1:61225
1522068485753	mozrunner::runner	INFO	Running command: "C:\\Program Files\\Mozilla Firefox\\firefox.exe" "-marionette" "-profile" "C:\\Users\\DEEPAK~1.GAR\\AppData\\Local\\Temp\\rust_mozprofile.OHr57CkO8n2H"
1522068488514	Marionette	INFO	Enabled via --marionette
1522068493184	Marionette	INFO	Listening on port 61240
1522068493618	Marionette	WARN	TLS certificate errors will be ignored for this session
Unable to read VR Path Registry from C:\Users\deepak.garg2\AppData\Local\openvr\openvrpaths.vrpath
[Parent 11152, Gecko_IOThread] WARNING: pipe error: 109: file z:/build/build/src/ipc/chromium/src/chrome/common/ipc_channel_win.cc, line 346
Unable to read VR Path Registry from C:\Users\deepak.garg2\AppData\Local\openvr\openvrpaths.vrpath
[Child 11132, Chrome_ChildThread] WARNING: pipe error: 109: file z:/build/build/src/ipc/chromium/src/chrome/common/ipc_channel_win.cc, line 346
[Child 11132, Chrome_ChildThread] WARNING: pipe error: 109: file z:/build/build/src/ipc/chromium/src/chrome/common/ipc_channel_win.cc, line 346
[Parent 11152, Gecko_IOThread] WARNING: pipe error: 109: file z:/build/build/src/ipc/chromium/src/chrome/common/ipc_channel_win.cc, line 346
Unable to read VR Path Registry from C:\Users\deepak.garg2\AppData\Local\openvr\openvrpaths.vrpath
[Child 10476, Chrome_ChildThread] WARNING: pipe error: 109: file z:/build/build/src/ipc/chromium/src/chrome/common/ipc_channel_win.cc, line 346
[Child 10476, Chrome_ChildThread] WARNING: pipe error: 109: file z:/build/build/src/ipc/chromium/src/chrome/common/ipc_channel_win.cc, line 346
Unable to read VR Path Registry from C:\Users\deepak.garg2\AppData\Local\openvr\openvrpaths.vrpath
[Child 11080, Chrome_ChildThread] WARNING: pipe error: 109: file z:/build/build/src/ipc/chromium/src/chrome/common/ipc_channel_win.cc, line 346
[Child 11080, Chrome_ChildThread] WARNING: pipe error: 109: file z:/build/build/src/ipc/chromium/src/chrome/common/ipc_channel_win.cc, line 346
*** UTM:SVC TimerManager:registerTimer called after profile-before-change notification. Ignoring timer registration for id: telemetry_modules_ping
1522068500678	geckodriver::marionette	ERROR	Failed to stop browser process
